::1 - - [10/Jul/2026 09:16:56] "GET /index.html HTTP/1.1" 200 -
::1 - - [10/Jul/2026 09:17:53] "GET / HTTP/1.1" 200 -
::1 - - [10/Jul/2026 09:18:02] "GET /index.html HTTP/1.1" 200 -
::1 - - [10/Jul/2026 09:18:07] "GET /index.html HTTP/1.1" 200 -
::1 - - [10/Jul/2026 09:18:15] "GET /index.html HTTP/1.1" 200 -
::1 - - [10/Jul/2026 09:18:15] "GET /css/portfolio.css HTTP/1.1" 200 -
::1 - - [10/Jul/2026 09:18:15] "GET /assets/fonts/newsreader-latin-roman.woff2 HTTP/1.1" 200 -
::1 - - [10/Jul/2026 09:18:15] "GET /assets/fonts/ibm-plex-mono-latin-400.woff2 HTTP/1.1" 200 -
::1 - - [10/Jul/2026 09:18:15] "GET /assets/portrait.webp HTTP/1.1" 200 -
::1 - - [10/Jul/2026 09:18:15] "GET /js/portfolio.js HTTP/1.1" 200 -
::1 - - [10/Jul/2026 09:18:15] "GET /assets/logos/ford.png HTTP/1.1" 200 -
::1 - - [10/Jul/2026 09:18:15] "GET /assets/avatar.png HTTP/1.1" 200 -
::1 - - [10/Jul/2026 09:18:15] "GET /js/instrument.js HTTP/1.1" 200 -
::1 - - [10/Jul/2026 09:18:15] "GET /assets/projects/impedance/cover.webp HTTP/1.1" 200 -
::1 - - [10/Jul/2026 09:18:15] "GET /assets/projects/vehicle/cover.webp HTTP/1.1" 200 -
::1 - - [10/Jul/2026 09:18:15] "GET /assets/logos/cmu.png HTTP/1.1" 200 -
::1 - - [10/Jul/2026 09:18:15] "GET /assets/logos/sata.png HTTP/1.1" 200 -
::1 - - [10/Jul/2026 09:18:15] "GET /assets/logos/hacker-fab.png HTTP/1.1" 200 -
::1 - - [10/Jul/2026 09:18:15] "GET /assets/projects/robot/cover.webp HTTP/1.1" 200 -
::1 - - [10/Jul/2026 09:18:15] "GET /assets/projects/companion/cover.webp HTTP/1.1" 200 -
::1 - - [10/Jul/2026 09:18:15] "GET /js/demos/impedance-matcher/state.js HTTP/1.1" 200 -
::1 - - [10/Jul/2026 09:18:15] "GET /js/demos/impedance-matcher/matcher.js HTTP/1.1" 200 -
::1 - - [10/Jul/2026 09:18:15] "GET /js/demos/platform.js HTTP/1.1" 200 -
::1 - - [10/Jul/2026 09:18:15] "GET /js/demos/impedance-matcher/field3d.js HTTP/1.1" 200 -
::1 - - [10/Jul/2026 09:18:15] "GET /assets/projects/companion/hover.webp HTTP/1.1" 200 -
::1 - - [10/Jul/2026 09:18:15] "GET /assets/projects/keychain/keychain.webp HTTP/1.1" 200 -
::1 - - [10/Jul/2026 09:18:28] "GET /index.html HTTP/1.1" 200 -
::1 - - [10/Jul/2026 09:18:28] "GET /assets/fonts/newsreader-latin-roman.woff2 HTTP/1.1" 200 -
::1 - - [10/Jul/2026 09:18:28] "GET /assets/fonts/ibm-plex-mono-latin-400.woff2 HTTP/1.1" 200 -
::1 - - [10/Jul/2026 09:18:28] "GET /css/portfolio.css HTTP/1.1" 200 -
::1 - - [10/Jul/2026 09:18:28] "GET /assets/portrait.webp HTTP/1.1" 200 -
::1 - - [10/Jul/2026 09:18:28] "GET /js/instrument.js HTTP/1.1" 200 -
::1 - - [10/Jul/2026 09:18:28] "GET /assets/avatar.png HTTP/1.1" 200 -
::1 - - [10/Jul/2026 09:18:28] "GET /assets/logos/ford.png HTTP/1.1" 200 -
::1 - - [10/Jul/2026 09:18:28] "GET /assets/logos/cmu.png HTTP/1.1" 200 -
::1 - - [10/Jul/2026 09:18:28] "GET /js/portfolio.js HTTP/1.1" 200 -
::1 - - [10/Jul/2026 09:18:28] "GET /assets/logos/hacker-fab.png HTTP/1.1" 200 -
::1 - - [10/Jul/2026 09:18:28] "GET /assets/logos/sata.png HTTP/1.1" 200 -
::1 - - [10/Jul/2026 09:18:28] "GET /assets/projects/impedance/cover.webp HTTP/1.1" 200 -
::1 - - [10/Jul/2026 09:18:29] "GET /assets/projects/vehicle/cover.webp HTTP/1.1" 200 -
::1 - - [10/Jul/2026 09:18:29] "GET /assets/projects/companion/cover.webp HTTP/1.1" 200 -
::1 - - [10/Jul/2026 09:18:29] "GET /assets/projects/robot/cover.webp HTTP/1.1" 200 -
::1 - - [10/Jul/2026 09:18:29] "GET /js/demos/impedance-matcher/state.js HTTP/1.1" 200 -
::1 - - [10/Jul/2026 09:18:29] "GET /js/demos/impedance-matcher/matcher.js HTTP/1.1" 200 -
::1 - - [10/Jul/2026 09:18:29] "GET /js/demos/platform.js HTTP/1.1" 200 -
::1 - - [10/Jul/2026 09:18:29] "GET /js/demos/impedance-matcher/field3d.js HTTP/1.1" 200 -
::1 - - [10/Jul/2026 09:18:29] "GET /assets/projects/companion/hover.webp HTTP/1.1" 200 -
::1 - - [10/Jul/2026 09:18:29] "GET /project-impedance.html HTTP/1.1" 200 -
::1 - - [10/Jul/2026 09:18:29] "GET /assets/fonts/newsreader-latin-roman.woff2 HTTP/1.1" 200 -
::1 - - [10/Jul/2026 09:18:29] "GET /assets/projects/keychain/keychain.webp HTTP/1.1" 200 -
::1 - - [10/Jul/2026 09:18:29] "GET /css/portfolio.css HTTP/1.1" 200 -
::1 - - [10/Jul/2026 09:18:29] "GET /css/demos.css HTTP/1.1" 200 -
::1 - - [10/Jul/2026 09:18:29] "GET /assets/fonts/ibm-plex-mono-latin-400.woff2 HTTP/1.1" 200 -
::1 - - [10/Jul/2026 09:18:29] "GET /assets/avatar.png HTTP/1.1" 200 -
::1 - - [10/Jul/2026 09:18:29] "GET /assets/projects/impedance/cover.webp HTTP/1.1" 200 -
::1 - - [10/Jul/2026 09:18:29] "GET /assets/projects/impedance/pcb.jpg HTTP/1.1" 200 -
::1 - - [10/Jul/2026 09:18:29] "GET /js/demos/mount.js HTTP/1.1" 200 -
::1 - - [10/Jul/2026 09:18:29] "GET /js/kicanvas-config.js HTTP/1.1" 200 -
::1 - - [10/Jul/2026 09:18:29] "GET /js/portfolio.js HTTP/1.1" 200 -
::1 - - [10/Jul/2026 09:18:29] "GET /assets/fonts/newsreader-latin-italic.woff2 HTTP/1.1" 200 -
::1 - - [10/Jul/2026 09:18:29] "GET /js/demos/platform.js HTTP/1.1" 200 -
::1 - - [10/Jul/2026 09:18:29] "GET /assets/projects/impedance/deployed.webp HTTP/1.1" 200 -
::1 - - [10/Jul/2026 09:18:29] "GET /assets/projects/impedance/kicad/impedance_matcher.kicad_sch HTTP/1.1" 200 -
::1 - - [10/Jul/2026 09:18:29] "GET /assets/projects/impedance/kicad/impedance_matcher.kicad_pcb HTTP/1.1" 200 -
::1 - - [10/Jul/2026 09:18:29] code 404, message File not found
::1 - - [10/Jul/2026 09:18:29] "GET /$$:0:$$ HTTP/1.1" 404 -
::1 - - [10/Jul/2026 09:18:30] code 404, message File not found
::1 - - [10/Jul/2026 09:18:30] "GET /$$:0:$$ HTTP/1.1" 404 -
::1 - - [10/Jul/2026 09:19:21] "GET /__dark.html HTTP/1.1" 200 -
::1 - - [10/Jul/2026 09:19:21] "GET /index.html HTTP/1.1" 200 -
::1 - - [10/Jul/2026 09:19:21] "GET /assets/fonts/newsreader-latin-roman.woff2 HTTP/1.1" 200 -
::1 - - [10/Jul/2026 09:19:21] "GET /css/portfolio.css HTTP/1.1" 200 -
::1 - - [10/Jul/2026 09:19:21] "GET /assets/fonts/ibm-plex-mono-latin-400.woff2 HTTP/1.1" 200 -
::1 - - [10/Jul/2026 09:19:21] "GET /assets/avatar.png HTTP/1.1" 200 -
::1 - - [10/Jul/2026 09:19:21] "GET /assets/portrait.webp HTTP/1.1" 200 -
::1 - - [10/Jul/2026 09:19:21] "GET /assets/logos/ford.png HTTP/1.1" 200 -
::1 - - [10/Jul/2026 09:19:21] "GET /js/instrument.js HTTP/1.1" 200 -
::1 - - [10/Jul/2026 09:19:21] "GET /js/portfolio.js HTTP/1.1" 200 -
::1 - - [10/Jul/2026 09:19:21] "GET /assets/logos/cmu.png HTTP/1.1" 200 -
::1 - - [10/Jul/2026 09:19:21] "GET /assets/logos/hacker-fab.png HTTP/1.1" 200 -
::1 - - [10/Jul/2026 09:19:21] "GET /assets/logos/sata.png HTTP/1.1" 200 -
::1 - - [10/Jul/2026 09:19:21] "GET /assets/projects/impedance/cover.webp HTTP/1.1" 200 -
::1 - - [10/Jul/2026 09:19:21] "GET /assets/projects/vehicle/cover.webp HTTP/1.1" 200 -
::1 - - [10/Jul/2026 09:19:21] "GET /assets/projects/robot/cover.webp HTTP/1.1" 200 -
::1 - - [10/Jul/2026 09:19:21] "GET /assets/projects/keychain/keychain.webp HTTP/1.1" 200 -
::1 - - [10/Jul/2026 09:19:21] "GET /assets/projects/companion/cover.webp HTTP/1.1" 200 -
::1 - - [10/Jul/2026 09:19:21] "GET /assets/projects/companion/hover.webp HTTP/1.1" 200 -
::1 - - [10/Jul/2026 09:19:21] "GET /js/demos/impedance-matcher/state.js HTTP/1.1" 200 -
::1 - - [10/Jul/2026 09:19:21] "GET /js/demos/impedance-matcher/matcher.js HTTP/1.1" 200 -
::1 - - [10/Jul/2026 09:19:21] "GET /js/demos/platform.js HTTP/1.1" 200 -
::1 - - [10/Jul/2026 09:19:21] "GET /js/demos/impedance-matcher/field3d.js HTTP/1.1" 200 -
::1 - - [10/Jul/2026 09:19:57] "GET /__light.html HTTP/1.1" 200 -
::1 - - [10/Jul/2026 09:19:57] "GET /index.html HTTP/1.1" 200 -
::1 - - [10/Jul/2026 09:19:57] "GET /css/portfolio.css HTTP/1.1" 200 -
::1 - - [10/Jul/2026 09:19:57] "GET /assets/fonts/newsreader-latin-roman.woff2 HTTP/1.1" 200 -
::1 - - [10/Jul/2026 09:19:57] "GET /assets/fonts/ibm-plex-mono-latin-400.woff2 HTTP/1.1" 200 -
::1 - - [10/Jul/2026 09:19:57] "GET /assets/portrait.webp HTTP/1.1" 200 -
::1 - - [10/Jul/2026 09:19:57] "GET /assets/avatar.png HTTP/1.1" 200 -
::1 - - [10/Jul/2026 09:19:57] "GET /assets/logos/ford.png HTTP/1.1" 200 -
::1 - - [10/Jul/2026 09:19:57] "GET /js/instrument.js HTTP/1.1" 200 -
::1 - - [10/Jul/2026 09:19:57] "GET /assets/logos/cmu.png HTTP/1.1" 200 -
::1 - - [10/Jul/2026 09:19:57] "GET /js/portfolio.js HTTP/1.1" 200 -
::1 - - [10/Jul/2026 09:19:57] "GET /assets/logos/hacker-fab.png HTTP/1.1" 200 -
::1 - - [10/Jul/2026 09:19:57] "GET /assets/logos/sata.png HTTP/1.1" 200 -
::1 - - [10/Jul/2026 09:19:57] "GET /assets/projects/impedance/cover.webp HTTP/1.1" 200 -
::1 - - [10/Jul/2026 09:19:57] "GET /assets/projects/vehicle/cover.webp HTTP/1.1" 200 -
::1 - - [10/Jul/2026 09:19:57] "GET /assets/projects/robot/cover.webp HTTP/1.1" 200 -
::1 - - [10/Jul/2026 09:19:57] "GET /assets/projects/companion/cover.webp HTTP/1.1" 200 -
::1 - - [10/Jul/2026 09:19:57] "GET /assets/projects/keychain/keychain.webp HTTP/1.1" 200 -
::1 - - [10/Jul/2026 09:19:57] "GET /assets/projects/companion/hover.webp HTTP/1.1" 200 -
::1 - - [10/Jul/2026 09:19:57] "GET /js/demos/impedance-matcher/matcher.js HTTP/1.1" 200 -
::1 - - [10/Jul/2026 09:19:57] "GET /js/demos/impedance-matcher/state.js HTTP/1.1" 200 -
::1 - - [10/Jul/2026 09:19:57] "GET /js/demos/platform.js HTTP/1.1" 200 -
::1 - - [10/Jul/2026 09:19:57] "GET /js/demos/impedance-matcher/field3d.js HTTP/1.1" 200 -
::1 - - [10/Jul/2026 09:20:12] "GET /__lightproj.html HTTP/1.1" 200 -
::1 - - [10/Jul/2026 09:20:12] "GET /__light.html HTTP/1.1" 200 -
::1 - - [10/Jul/2026 09:20:12] "GET /project-impedance.html HTTP/1.1" 200 -
::1 - - [10/Jul/2026 09:20:12] "GET /index.html HTTP/1.1" 200 -
::1 - - [10/Jul/2026 09:20:12] "GET /assets/fonts/newsreader-latin-roman.woff2 HTTP/1.1" 200 -
::1 - - [10/Jul/2026 09:20:12] "GET /css/portfolio.css HTTP/1.1" 200 -
::1 - - [10/Jul/2026 09:20:12] "GET /assets/fonts/ibm-plex-mono-latin-400.woff2 HTTP/1.1" 200 -
::1 - - [10/Jul/2026 09:20:12] "GET /css/portfolio.css HTTP/1.1" 200 -
::1 - - [10/Jul/2026 09:20:12] "GET /css/demos.css HTTP/1.1" 200 -
::1 - - [10/Jul/2026 09:20:12] "GET /assets/portrait.webp HTTP/1.1" 200 -
::1 - - [10/Jul/2026 09:20:12] "GET /js/demos/mount.js HTTP/1.1" 200 -
::1 - - [10/Jul/2026 09:20:12] "GET /js/instrument.js HTTP/1.1" 200 -
::1 - - [10/Jul/2026 09:20:12] "GET /assets/avatar.png HTTP/1.1" 200 -
::1 - - [10/Jul/2026 09:20:12] "GET /assets/projects/impedance/cover.webp HTTP/1.1" 200 -
::1 - - [10/Jul/2026 09:20:12] "GET /js/portfolio.js HTTP/1.1" 200 -
::1 - - [10/Jul/2026 09:20:12] "GET /js/kicanvas-config.js HTTP/1.1" 200 -
::1 - - [10/Jul/2026 09:20:12] "GET /assets/projects/impedance/pcb.jpg HTTP/1.1" 200 -
::1 - - [10/Jul/2026 09:20:12] "GET /assets/avatar.png HTTP/1.1" 200 -
::1 - - [10/Jul/2026 09:20:12] "GET /assets/logos/ford.png HTTP/1.1" 200 -
::1 - - [10/Jul/2026 09:20:12] "GET /assets/logos/hacker-fab.png HTTP/1.1" 200 -
::1 - - [10/Jul/2026 09:20:12] "GET /assets/fonts/newsreader-latin-roman.woff2 HTTP/1.1" 200 -
::1 - - [10/Jul/2026 09:20:12] "GET /assets/fonts/ibm-plex-mono-latin-400.woff2 HTTP/1.1" 200 -
::1 - - [10/Jul/2026 09:20:12] "GET /assets/logos/sata.png HTTP/1.1" 200 -
::1 - - [10/Jul/2026 09:20:12] "GET /assets/projects/impedance/cover.webp HTTP/1.1" 200 -
::1 - - [10/Jul/2026 09:20:12] "GET /assets/logos/cmu.png HTTP/1.1" 200 -
::1 - - [10/Jul/2026 09:20:12] "GET /assets/projects/vehicle/cover.webp HTTP/1.1" 200 -
::1 - - [10/Jul/2026 09:20:12] "GET /assets/projects/robot/cover.webp HTTP/1.1" 200 -
::1 - - [10/Jul/2026 09:20:12] "GET /assets/fonts/newsreader-latin-italic.woff2 HTTP/1.1" 200 -
::1 - - [10/Jul/2026 09:20:12] "GET /js/demos/platform.js HTTP/1.1" 200 -
::1 - - [10/Jul/2026 09:20:12] "GET /assets/projects/companion/cover.webp HTTP/1.1" 200 -
::1 - - [10/Jul/2026 09:20:12] "GET /js/demos/impedance-matcher/matcher.js HTTP/1.1" 200 -
::1 - - [10/Jul/2026 09:20:12] "GET /js/demos/impedance-matcher/state.js HTTP/1.1" 200 -
::1 - - [10/Jul/2026 09:20:12] "GET /js/demos/platform.js HTTP/1.1" 200 -
::1 - - [10/Jul/2026 09:20:12] "GET /js/demos/impedance-matcher/field3d.js HTTP/1.1" 200 -
::1 - - [10/Jul/2026 09:20:12] "GET /assets/projects/companion/hover.webp HTTP/1.1" 200 -
::1 - - [10/Jul/2026 09:20:12] "GET /assets/projects/keychain/keychain.webp HTTP/1.1" 200 -
::1 - - [10/Jul/2026 09:20:12] "GET /js/portfolio.js HTTP/1.1" 200 -
::1 - - [10/Jul/2026 09:20:12] "GET /assets/projects/impedance/deployed.webp HTTP/1.1" 200 -
::1 - - [10/Jul/2026 09:20:13] "GET /assets/projects/impedance/kicad/impedance_matcher.kicad_sch HTTP/1.1" 200 -
::1 - - [10/Jul/2026 09:20:13] "GET /assets/projects/impedance/kicad/impedance_matcher.kicad_pcb HTTP/1.1" 200 -
::1 - - [10/Jul/2026 09:20:13] code 404, message File not found
::1 - - [10/Jul/2026 09:20:13] "GET /$$:0:$$ HTTP/1.1" 404 -
::1 - - [10/Jul/2026 09:20:13] code 404, message File not found
::1 - - [10/Jul/2026 09:20:13] "GET /$$:0:$$ HTTP/1.1" 404 -
::1 - - [10/Jul/2026 09:29:39] "GET /project-robot.html HTTP/1.1" 200 -
::1 - - [10/Jul/2026 09:29:39] "GET /css/portfolio.css HTTP/1.1" 200 -
::1 - - [10/Jul/2026 09:29:39] "GET /css/demos.css HTTP/1.1" 200 -
::1 - - [10/Jul/2026 09:29:39] "GET /assets/fonts/ibm-plex-mono-latin-400.woff2 HTTP/1.1" 200 -
::1 - - [10/Jul/2026 09:29:39] "GET /assets/fonts/newsreader-latin-roman.woff2 HTTP/1.1" 200 -
::1 - - [10/Jul/2026 09:29:39] "GET /assets/avatar.png HTTP/1.1" 200 -
::1 - - [10/Jul/2026 09:29:39] "GET /assets/projects/robot/cover.webp HTTP/1.1" 200 -
::1 - - [10/Jul/2026 09:29:39] "GET /js/demos/mount.js HTTP/1.1" 200 -
::1 - - [10/Jul/2026 09:29:39] "GET /js/portfolio.js HTTP/1.1" 200 -
::1 - - [10/Jul/2026 09:29:39] "GET /js/demos/platform.js HTTP/1.1" 200 -
::1 - - [10/Jul/2026 09:29:39] "GET /assets/fonts/ibm-plex-mono-latin-500.woff2 HTTP/1.1" 200 -
::1 - - [10/Jul/2026 09:29:39] "GET /js/demos/robot-cv/index.js HTTP/1.1" 200 -
::1 - - [10/Jul/2026 09:29:39] "GET /js/demos/robot-cv/scene.js HTTP/1.1" 200 -
::1 - - [10/Jul/2026 09:29:39] "GET /js/demos/robot-cv/detector.js HTTP/1.1" 200 -
::1 - - [10/Jul/2026 09:29:39] "GET /js/demos/robot-cv/uart.js HTTP/1.1" 200 -
::1 - - [10/Jul/2026 09:34:53] "GET /__measure.html HTTP/1.1" 200 -
::1 - - [10/Jul/2026 09:35:00] "GET /__measure.html HTTP/1.1" 200 -
::1 - - [10/Jul/2026 09:35:00] "GET /index.html HTTP/1.1" 200 -
::1 - - [10/Jul/2026 09:35:00] "GET /css/portfolio.css HTTP/1.1" 200 -
::1 - - [10/Jul/2026 09:35:00] "GET /assets/fonts/newsreader-latin-roman.woff2 HTTP/1.1" 200 -
::1 - - [10/Jul/2026 09:35:00] "GET /assets/fonts/ibm-plex-mono-latin-400.woff2 HTTP/1.1" 200 -
::1 - - [10/Jul/2026 09:35:00] "GET /js/portfolio.js HTTP/1.1" 200 -
::1 - - [10/Jul/2026 09:35:00] "GET /assets/portrait.webp HTTP/1.1" 200 -
::1 - - [10/Jul/2026 09:35:00] "GET /js/instrument.js HTTP/1.1" 200 -
::1 - - [10/Jul/2026 09:35:00] "GET /assets/avatar.png HTTP/1.1" 200 -
::1 - - [10/Jul/2026 09:35:00] "GET /assets/logos/cmu.png HTTP/1.1" 200 -
::1 - - [10/Jul/2026 09:35:00] "GET /assets/logos/sata.png HTTP/1.1" 200 -
::1 - - [10/Jul/2026 09:35:00] "GET /assets/projects/impedance/cover.webp HTTP/1.1" 200 -
::1 - - [10/Jul/2026 09:35:00] "GET /assets/logos/hacker-fab.png HTTP/1.1" 200 -
::1 - - [10/Jul/2026 09:35:00] "GET /assets/logos/ford.png HTTP/1.1" 200 -
::1 - - [10/Jul/2026 09:35:00] "GET /assets/projects/robot/cover.webp HTTP/1.1" 200 -
::1 - - [10/Jul/2026 09:35:00] "GET /assets/projects/vehicle/cover.webp HTTP/1.1" 200 -
::1 - - [10/Jul/2026 09:35:00] "GET /assets/projects/companion/hover.webp HTTP/1.1" 200 -
::1 - - [10/Jul/2026 09:35:00] "GET /assets/projects/keychain/keychain.webp HTTP/1.1" 200 -
::1 - - [10/Jul/2026 09:35:00] "GET /assets/projects/companion/cover.webp HTTP/1.1" 200 -
::1 - - [10/Jul/2026 09:35:00] "GET /js/demos/platform.js HTTP/1.1" 200 -
::1 - - [10/Jul/2026 09:35:00] "GET /js/demos/impedance-matcher/state.js HTTP/1.1" 200 -
::1 - - [10/Jul/2026 09:35:00] "GET /js/demos/impedance-matcher/matcher.js HTTP/1.1" 200 -
::1 - - [10/Jul/2026 09:35:00] "GET /js/demos/impedance-matcher/field3d.js HTTP/1.1" 200 -
::1 - - [10/Jul/2026 09:35:01] code 404, message File not found
::1 - - [10/Jul/2026 09:35:01] "GET /favicon.ico HTTP/1.1" 404 -
::1 - - [10/Jul/2026 09:35:22] code 404, message File not found
::1 - - [10/Jul/2026 09:35:22] "GET /__measure2.html HTTP/1.1" 404 -
::1 - - [10/Jul/2026 09:35:36] "GET /__measure.html HTTP/1.1" 200 -
::1 - - [10/Jul/2026 09:35:36] "GET /index.html HTTP/1.1" 200 -
::1 - - [10/Jul/2026 09:35:36] "GET /css/portfolio.css HTTP/1.1" 200 -
::1 - - [10/Jul/2026 09:35:36] "GET /assets/fonts/newsreader-latin-roman.woff2 HTTP/1.1" 200 -
::1 - - [10/Jul/2026 09:35:36] "GET /assets/fonts/ibm-plex-mono-latin-400.woff2 HTTP/1.1" 200 -
::1 - - [10/Jul/2026 09:35:36] "GET /assets/portrait.webp HTTP/1.1" 200 -
::1 - - [10/Jul/2026 09:35:36] "GET /assets/avatar.png HTTP/1.1" 200 -
::1 - - [10/Jul/2026 09:35:36] "GET /assets/logos/ford.png HTTP/1.1" 200 -
::1 - - [10/Jul/2026 09:35:36] "GET /js/portfolio.js HTTP/1.1" 200 -
::1 - - [10/Jul/2026 09:35:36] "GET /js/instrument.js HTTP/1.1" 200 -
::1 - - [10/Jul/2026 09:35:36] "GET /assets/logos/cmu.png HTTP/1.1" 200 -
::1 - - [10/Jul/2026 09:35:36] "GET /assets/logos/hacker-fab.png HTTP/1.1" 200 -
::1 - - [10/Jul/2026 09:35:36] "GET /assets/logos/sata.png HTTP/1.1" 200 -
::1 - - [10/Jul/2026 09:35:36] "GET /assets/projects/impedance/cover.webp HTTP/1.1" 200 -
::1 - - [10/Jul/2026 09:35:36] "GET /assets/projects/vehicle/cover.webp HTTP/1.1" 200 -
::1 - - [10/Jul/2026 09:35:36] "GET /assets/projects/robot/cover.webp HTTP/1.1" 200 -
::1 - - [10/Jul/2026 09:35:36] "GET /assets/projects/companion/cover.webp HTTP/1.1" 200 -
::1 - - [10/Jul/2026 09:35:36] "GET /assets/projects/companion/hover.webp HTTP/1.1" 200 -
::1 - - [10/Jul/2026 09:35:36] "GET /assets/projects/keychain/keychain.webp HTTP/1.1" 200 -
::1 - - [10/Jul/2026 09:35:36] "GET /js/demos/impedance-matcher/matcher.js HTTP/1.1" 200 -
::1 - - [10/Jul/2026 09:35:36] "GET /js/demos/impedance-matcher/state.js HTTP/1.1" 200 -
::1 - - [10/Jul/2026 09:35:36] "GET /js/demos/platform.js HTTP/1.1" 200 -
::1 - - [10/Jul/2026 09:35:36] "GET /js/demos/impedance-matcher/field3d.js HTTP/1.1" 200 -
::1 - - [10/Jul/2026 09:35:36] code 404, message File not found
::1 - - [10/Jul/2026 09:35:36] "GET /favicon.ico HTTP/1.1" 404 -
